<?xml version="1.0" encoding="UTF-8"?>
<testsuite xmlns:xsi="http://www.w3.org/2001/XMLSchema-instance" xsi:noNamespaceSchemaLocation="https://maven.apache.org/surefire/maven-surefire-plugin/xsd/surefire-test-report-3.0.xsd" version="3.0" name="br.com.alura.screenmatch.ScreenmatchApplicationTests" time="2.996" tests="1" errors="0" skipped="0" failures="0">
  <properties>
[...]
</properties>
  <testcase name="contextLoads" classname="br.com.alura.screenmatch.ScreenmatchApplicationTests" time="0.441">
    <system-out><![CDATA[20:09:00.114 [main] INFO org.springframework.test.context.support.AnnotationConfigContextLoaderUtils -- Could not detect default configuration classes for test class [br.com.alura.screenmatch.ScreenmatchApplicationTests]: ScreenmatchApplicationTests does not declare any static, non-private, non-final, nested classes annotated with @Configuration.
20:09:00.155 [main] INFO org.springframework.boot.test.context.SpringBootTestContextBootstrapper -- Found @SpringBootConfiguration br.com.alura.screenmatch.ScreenmatchApplication for test class br.com.alura.screenmatch.ScreenmatchApplicationTests

  .   ____          _            __ _ _
 /\\ / ___'_ __ _ _(_)_ __  __ _ \ \ \ \
( ( )\___ | '_ | '_| | '_ \/ _` | \ \ \ \
 \\/  ___)| |_)| | | | | || (_| |  ) ) ) )
  '  |____| .__|_| |_|_| |_\__, | / / / /
 =========|_|==============|___/=/_/_/_/

 :: Spring Boot ::                (v3.3.1)

2024-07-01T20:09:00.302-03:00  INFO 1577 --- [screenmatch] [           main] b.c.a.s.ScreenmatchApplicationTests      : Starting ScreenmatchApplicationTests using Java 17.0.11 with PID 1577 (started by cleber in /Users/cleber/Documents/Cleber/Projetos_Java/screenmatch-spring)
2024-07-01T20:09:00.303-03:00  INFO 1577 --- [screenmatch] [           main] b.c.a.s.ScreenmatchApplicationTests      : No active profile set, falling back to 1 default profile: "default"
2024-07-01T20:09:00.513-03:00  INFO 1577 --- [screenmatch] [           main] b.c.a.s.ScreenmatchApplicationTests      : Started ScreenmatchApplicationTests in 0.31 seconds (process running for 0.69)
Retorno - API OMDB
{"Title":"Gilmore Girls","Year":"2000–2007","Rated":"TV-PG","Released":"05 Oct 2000","Runtime":"57S min","Genre":"Comedy, Drama","Director":"N/A","Writer":"Amy Sherman-Palladino","Actors":"Lauren Graham, Alexis Bledel, Keiko Agena","Plot":"A dramedy centering around the relationship between a thirtysomething single mother and her teen daughter living in Stars Hollow, Connecticut.","Language":"English","Country":"United States","Awards":"Won 1 Primetime Emmy. 23 wins & 85 nominations total","Poster":"https://m.media-amazon.com/images/M/MV5BMTQ3NDA1ZWYtYjBmMC00NmJjLWI1NjgtYjg2NDhmMTY2YWQ4XkEyXkFqcGdeQXVyNzA5NjUyNjM@._V1_SX300.jpg","Ratings":[{"Source":"Internet Movie Database","Value":"8.2/10"}],"Metascore":"N/A","imdbRating":"8.2","imdbVotes":"149,547","imdbID":"tt0238784","Type":"series","totalSeasons":"7","Response":"True"}
Retorno - API Github
{"login":"cleber-campos","id":167529811,"node_id":"U_kgDOCfxNUw","avatar_url":"https://avatars.githubusercontent.com/u/167529811?v=4","gravatar_id":"","url":"https://api.github.com/users/cleber-campos","html_url":"https://github.com/cleber-campos","followers_url":"https://api.github.com/users/cleber-campos/followers","following_url":"https://api.github.com/users/cleber-campos/following{/other_user}","gists_url":"https://api.github.com/users/cleber-campos/gists{/gist_id}","starred_url":"https://api.github.com/users/cleber-campos/starred{/owner}{/repo}","subscriptions_url":"https://api.github.com/users/cleber-campos/subscriptions","organizations_url":"https://api.github.com/users/cleber-campos/orgs","repos_url":"https://api.github.com/users/cleber-campos/repos","events_url":"https://api.github.com/users/cleber-campos/events{/privacy}","received_events_url":"https://api.github.com/users/cleber-campos/received_events","type":"User","site_admin":false,"name":"Cleber Campos","company":"teste SA","blog":"","location":"São Paulo","email":null,"hireable":null,"bio":null,"twitter_username":null,"public_repos":0,"public_gists":0,"followers":0,"following":0,"created_at":"2024-04-19T11:18:48Z","updated_at":"2024-06-29T16:52:22Z"}
Retorno - API Imagem Cafe
{
  "file": "https://coffee.alexflipnote.dev/QIOwV7psov8_coffee.png"
}
]]></system-out>
  </testcase>
</testsuite>